<?xml version="1.0" encoding="UTF-8"?>
<!-- Generated by org.testng.reporters.JUnitReportReporter -->
<testsuite hostname="MJ" failures="0" tests="4" name="com.DemoQA.testCases.DemoQATest" time="40.148" errors="0" timestamp="2025-06-18T07:51:42 IST" skipped="0">
  <testcase classname="com.DemoQA.testCases.DemoQATest" name="HandleNestedFrame" time="21.560"/>
  <system-out/>
  <testcase classname="com.DemoQA.testCases.DemoQATest" name="HandleAlerts" time="9.760"/>
  <system-out/>
  <testcase classname="com.DemoQA.testCases.DemoQATest" name="Handledroppable" time="4.969"/>
  <system-out/>
  <testcase classname="com.DemoQA.testCases.DemoQATest" name="Handlewindows" time="3.859"/>
  <system-out/>
</testsuite> <!-- com.DemoQA.testCases.DemoQATest -->
